<?xml version="1.0" encoding="UTF-8"?>
<!-- Generated by org.testng.reporters.JUnitReportReporter -->
<testsuite hostname="DESKTOP-88A1DLB" failures="0" tests="4" name="api.test.UserTests2" time="45.447" errors="0" timestamp="2024-03-31T02:35:55 WIB" skipped="0">
  <testcase classname="api.test.UserTests2" name="testPostUser" time="10.119"/>
  <system-out/>
  <testcase classname="api.test.UserTests2" name="testGetUserByName" time="7.608"/>
  <system-out/>
  <testcase classname="api.test.UserTests2" name="testUpdateUserByName" time="19.724"/>
  <system-out/>
  <testcase classname="api.test.UserTests2" name="testDeleteUserByName" time="7.996"/>
  <system-out/>
</testsuite> <!-- api.test.UserTests2 -->
